<?xml version="1.0" encoding="UTF-8"?>
<robot generator="Robot 6.0.2 (Python 3.11.2 on win32)" generated="20230216 14:48:12.358" rpa="false" schemaversion="3">
<suite id="s1" name="Chronos" source="c:\Users\SEMPRE IT\Documents\cursos\RobotSemComplicacao\chronos.robot">
<test id="s1-t1" name="ChronosTest" line="35">
<kw name="Adicionar item carrinho de compra">
<kw name="Open Browser" library="SeleniumLibrary">
<arg>${url}</arg>
<arg>${navegador}</arg>
<doc>Opens a new browser instance to the optional ``url``.</doc>
<msg timestamp="20230216 14:48:13.808" level="INFO">Opening browser 'chrome' to base url 'https://www.demoblaze.com/'.</msg>
<status status="PASS" starttime="20230216 14:48:13.805" endtime="20230216 14:48:19.374"/>
</kw>
<kw name="Maximize Browser Window" library="SeleniumLibrary">
<doc>Maximizes current browser window.</doc>
<status status="PASS" starttime="20230216 14:48:19.375" endtime="20230216 14:48:19.556"/>
</kw>
<kw name="Click Link" library="SeleniumLibrary">
<arg>Laptops</arg>
<doc>Clicks a link identified by ``locator``.</doc>
<msg timestamp="20230216 14:48:19.563" level="INFO">Clicking link 'Laptops'.</msg>
<status status="PASS" starttime="20230216 14:48:19.559" endtime="20230216 14:48:20.398"/>
</kw>
<kw name="Wait Until Element Is Visible" library="SeleniumLibrary">
<arg>link=MacBook Pro</arg>
<doc>Waits until the element ``locator`` is visible.</doc>
<status status="PASS" starttime="20230216 14:48:20.400" endtime="20230216 14:48:21.386"/>
</kw>
<kw name="Click Link" library="SeleniumLibrary">
<arg>MacBook Pro</arg>
<doc>Clicks a link identified by ``locator``.</doc>
<msg timestamp="20230216 14:48:21.392" level="INFO">Clicking link 'MacBook Pro'.</msg>
<status status="PASS" starttime="20230216 14:48:21.388" endtime="20230216 14:48:22.612"/>
</kw>
<kw name="Wait Until Element Is Visible" library="SeleniumLibrary">
<arg>xpath = //div[2]//a</arg>
<doc>Waits until the element ``locator`` is visible.</doc>
<status status="PASS" starttime="20230216 14:48:22.616" endtime="20230216 14:48:23.305"/>
</kw>
<kw name="Click Element" library="SeleniumLibrary">
<arg>xpath = //div[2]//a</arg>
<doc>Click the element identified by ``locator``.</doc>
<msg timestamp="20230216 14:48:23.308" level="INFO">Clicking element 'xpath = //div[2]//a'.</msg>
<status status="PASS" starttime="20230216 14:48:23.306" endtime="20230216 14:48:23.532"/>
</kw>
<kw name="Alert Should Be Present" library="SeleniumLibrary">
<doc>Verifies that an alert is present and by default, accepts it.</doc>
<msg timestamp="20230216 14:48:23.538" level="INFO">HANDLE::&lt;class 'NoneType'&gt;::None</msg>
<status status="PASS" starttime="20230216 14:48:23.535" endtime="20230216 14:48:24.108"/>
</kw>
<status status="PASS" starttime="20230216 14:48:13.802" endtime="20230216 14:48:24.110"/>
</kw>
<kw name="Finalizar compra">
<kw name="Click Link" library="SeleniumLibrary">
<arg>Cart</arg>
<doc>Clicks a link identified by ``locator``.</doc>
<msg timestamp="20230216 14:48:24.127" level="INFO">Clicking link 'Cart'.</msg>
<status status="PASS" starttime="20230216 14:48:24.124" endtime="20230216 14:48:25.424"/>
</kw>
<kw name="Click Button" library="SeleniumLibrary">
<arg>css=.btn-success</arg>
<doc>Clicks the button identified by ``locator``.</doc>
<msg timestamp="20230216 14:48:25.432" level="INFO">Clicking button 'css=.btn-success'.</msg>
<status status="PASS" starttime="20230216 14:48:25.426" endtime="20230216 14:48:25.989"/>
</kw>
<kw name="Wait Until Element Is Visible" library="SeleniumLibrary">
<arg>id=name</arg>
<doc>Waits until the element ``locator`` is visible.</doc>
<status status="PASS" starttime="20230216 14:48:25.992" endtime="20230216 14:48:26.520"/>
</kw>
<kw name="Input Text" library="SeleniumLibrary">
<arg>id=name</arg>
<arg>Rods</arg>
<doc>Types the given ``text`` into the text field identified by ``locator``.</doc>
<msg timestamp="20230216 14:48:26.528" level="INFO">Typing text 'Rods' into text field 'id=name'.</msg>
<status status="PASS" starttime="20230216 14:48:26.523" endtime="20230216 14:48:27.064"/>
</kw>
<kw name="Input Text" library="SeleniumLibrary">
<arg>id=country</arg>
<arg>Brasil</arg>
<doc>Types the given ``text`` into the text field identified by ``locator``.</doc>
<msg timestamp="20230216 14:48:27.072" level="INFO">Typing text 'Brasil' into text field 'id=country'.</msg>
<status status="PASS" starttime="20230216 14:48:27.066" endtime="20230216 14:48:27.427"/>
</kw>
<kw name="Input Text" library="SeleniumLibrary">
<arg>id=city</arg>
<arg>Sao Paulo</arg>
<doc>Types the given ``text`` into the text field identified by ``locator``.</doc>
<msg timestamp="20230216 14:48:27.434" level="INFO">Typing text 'Sao Paulo' into text field 'id=city'.</msg>
<status status="PASS" starttime="20230216 14:48:27.428" endtime="20230216 14:48:27.856"/>
</kw>
<kw name="Input Text" library="SeleniumLibrary">
<arg>id=card</arg>
<arg>12345678910</arg>
<doc>Types the given ``text`` into the text field identified by ``locator``.</doc>
<msg timestamp="20230216 14:48:27.859" level="INFO">Typing text '12345678910' into text field 'id=card'.</msg>
<status status="PASS" starttime="20230216 14:48:27.857" endtime="20230216 14:48:28.217"/>
</kw>
<kw name="Input Text" library="SeleniumLibrary">
<arg>id=month</arg>
<arg>07</arg>
<doc>Types the given ``text`` into the text field identified by ``locator``.</doc>
<msg timestamp="20230216 14:48:28.221" level="INFO">Typing text '07' into text field 'id=month'.</msg>
<status status="PASS" starttime="20230216 14:48:28.219" endtime="20230216 14:48:28.530"/>
</kw>
<kw name="Input Text" library="SeleniumLibrary">
<arg>id=year</arg>
<arg>2031</arg>
<doc>Types the given ``text`` into the text field identified by ``locator``.</doc>
<msg timestamp="20230216 14:48:28.541" level="INFO">Typing text '2031' into text field 'id=year'.</msg>
<status status="PASS" starttime="20230216 14:48:28.533" endtime="20230216 14:48:28.884"/>
</kw>
<kw name="Click Button" library="SeleniumLibrary">
<arg>xpath=//button[text()='Purchase']</arg>
<doc>Clicks the button identified by ``locator``.</doc>
<msg timestamp="20230216 14:48:28.890" level="INFO">Clicking button 'xpath=//button[text()='Purchase']'.</msg>
<status status="PASS" starttime="20230216 14:48:28.885" endtime="20230216 14:48:29.193"/>
</kw>
<kw name="Element Text Should Be" library="SeleniumLibrary">
<arg>css=.sweet-alert &gt; h2</arg>
<arg>Thank you for your purchase!</arg>
<doc>Verifies that element ``locator`` contains exact the text ``expected``.</doc>
<msg timestamp="20230216 14:48:29.200" level="INFO">Verifying element 'css=.sweet-alert &gt; h2' contains exact text 'Thank you for your purchase!'.</msg>
<status status="PASS" starttime="20230216 14:48:29.194" endtime="20230216 14:48:29.358"/>
</kw>
<kw name="Click Button" library="SeleniumLibrary">
<arg>css=.confirm</arg>
<doc>Clicks the button identified by ``locator``.</doc>
<msg timestamp="20230216 14:48:29.363" level="INFO">Clicking button 'css=.confirm'.</msg>
<status status="PASS" starttime="20230216 14:48:29.360" endtime="20230216 14:48:30.760"/>
</kw>
<status status="PASS" starttime="20230216 14:48:24.121" endtime="20230216 14:48:30.761"/>
</kw>
<status status="PASS" starttime="20230216 14:48:13.796" endtime="20230216 14:48:30.765"/>
</test>
<doc>Robot Framework Sem Complicação</doc>
<status status="PASS" starttime="20230216 14:48:12.383" endtime="20230216 14:48:30.778"/>
</suite>
<statistics>
<total>
<stat pass="1" fail="0" skip="0">All Tests</stat>
</total>
<tag>
</tag>
<suite>
<stat pass="1" fail="0" skip="0" id="s1" name="Chronos">Chronos</stat>
</suite>
</statistics>
<errors>
</errors>
</robot>
