<?xml version="1.0" encoding="UTF-8"?>
<robot generator="Robot 6.0.2 (Python 3.11.2 on win32)" generated="20230215 15:22:54.604" rpa="false" schemaversion="3">
<suite id="s1" name="Chronos" source="C:\Users\SEMPRE IT\Documents\cursos\RobotSemComplicacao\chronos.robot">
<test id="s1-t1" name="ChronosTest" line="7">
<kw name="Open Browser" library="SeleniumLibrary">
<arg>https://www.demoblaze.com/</arg>
<arg>chrome</arg>
<doc>Opens a new browser instance to the optional ``url``.</doc>
<msg timestamp="20230215 15:22:54.837" level="INFO">Opening browser 'chrome' to base url 'https://www.demoblaze.com/'.</msg>
<status status="PASS" starttime="20230215 15:22:54.836" endtime="20230215 15:22:58.232"/>
</kw>
<kw name="Maximize Browser Window" library="SeleniumLibrary">
<doc>Maximizes current browser window.</doc>
<status status="PASS" starttime="20230215 15:22:58.232" endtime="20230215 15:22:58.357"/>
</kw>
<status status="PASS" starttime="20230215 15:22:54.836" endtime="20230215 15:22:58.359"/>
</test>
<status status="PASS" starttime="20230215 15:22:54.606" endtime="20230215 15:22:58.370"/>
</suite>
<statistics>
<total>
<stat pass="1" fail="0" skip="0">All Tests</stat>
</total>
<tag>
</tag>
<suite>
<stat pass="1" fail="0" skip="0" id="s1" name="Chronos">Chronos</stat>
</suite>
</statistics>
<errors>
<msg timestamp="20230215 15:22:54.597" level="ERROR">Error in file 'C:\Users\SEMPRE IT\Documents\cursos\RobotSemComplicacao\chronos.robot' on line 2: Non-existing setting 'Documention'. Did you mean:
    Documentation</msg>
</errors>
</robot>
